# Logfile created on 2022-02-27 21:56:57 +0300 by logger.rb/47272
I, [2022-02-27T21:57:07.082082 #8544]  INFO -- : Running example 'Verifying a pact between Frontend and Backend Given add todo list successfully request to create to-do list with POST /api/v1/todolist returns a response which has status code 201'
I, [2022-02-27T21:57:07.083737 #8544]  INFO -- : Sending POST request to path: "/api/v1/todolist" with headers: {"X_PACT_PROVIDER_STATES"=>[{"name"=>"add todo list successfully"}]}, see debug logs for body
D, [2022-02-27T21:57:07.083737 #8544] DEBUG -- : body :{"todo":"buy some milk"}
I, [2022-02-27T21:57:07.130819 #8544]  INFO -- : Received response with status: 201, headers: {"Access-Control-Allow-Credentials"=>"true", "Access-Control-Allow-Headers"=>"Content-Type, Content-Length, Accept-Encoding, X-CSRF-Token, Authorization, accept, origin, Cache-Control, X-Requested-With", "Access-Control-Allow-Methods"=>"POST, OPTIONS, GET, PUT", "Access-Control-Allow-Origin"=>"*", "Content-Length"=>"38", "Content-Type"=>"application/json; charset=utf-8", "Date"=>"Sun, 27 Feb 2022 18:57:07 GMT"}, see debug logs for body
D, [2022-02-27T21:57:07.131333 #8544] DEBUG -- : body: {"id":2,"description":"buy some milk"}
I, [2022-02-27T21:57:07.141347 #8544]  INFO -- : Running example 'Verifying a pact between Frontend and Backend Given get todo list successfully a request for getting all todo list with GET /api/v1/todolist returns a response which has status code 200'
I, [2022-02-27T21:57:07.142358 #8544]  INFO -- : Sending GET request to path: "/api/v1/todolist" with headers: {"X_PACT_PROVIDER_STATES"=>[{"name"=>"get todo list successfully"}]}, see debug logs for body
D, [2022-02-27T21:57:07.142377 #8544] DEBUG -- : body :
I, [2022-02-27T21:57:07.153037 #8544]  INFO -- : Received response with status: 200, headers: {"Access-Control-Allow-Credentials"=>"true", "Access-Control-Allow-Headers"=>"Content-Type, Content-Length, Accept-Encoding, X-CSRF-Token, Authorization, accept, origin, Cache-Control, X-Requested-With", "Access-Control-Allow-Methods"=>"POST, OPTIONS, GET, PUT", "Access-Control-Allow-Origin"=>"*", "Content-Length"=>"105", "Content-Type"=>"application/json; charset=utf-8", "Date"=>"Sun, 27 Feb 2022 18:57:07 GMT"}, see debug logs for body
D, [2022-02-27T21:57:07.153037 #8544] DEBUG -- : body: {"Dummy todo":{"id":1,"description":"Dummy todo"},"buy some milk":{"id":2,"description":"buy some milk"}}
I, [2022-02-27T22:03:03.358899 #17060]  INFO -- : Running example 'Verifying a pact between Frontend and Backend Given get todo list successfully a request for getting all todo list with GET /api/v1/todolist returns a response which has status code 200'
I, [2022-02-27T22:03:03.358899 #17060]  INFO -- : Sending GET request to path: "/api/v1/todolist" with headers: {"X_PACT_PROVIDER_STATES"=>[{"name"=>"get todo list successfully"}]}, see debug logs for body
D, [2022-02-27T22:03:03.359828 #17060] DEBUG -- : body :
I, [2022-02-27T22:03:03.384956 #17060]  INFO -- : Received response with status: 200, headers: {"Access-Control-Allow-Credentials"=>"true", "Access-Control-Allow-Headers"=>"Content-Type, Content-Length, Accept-Encoding, X-CSRF-Token, Authorization, accept, origin, Cache-Control, X-Requested-With", "Access-Control-Allow-Methods"=>"POST, OPTIONS, GET, PUT", "Access-Control-Allow-Origin"=>"*", "Content-Length"=>"50", "Content-Type"=>"application/json; charset=utf-8", "Date"=>"Sun, 27 Feb 2022 19:03:03 GMT"}, see debug logs for body
D, [2022-02-27T22:03:03.384956 #17060] DEBUG -- : body: {"Dummy todo":{"id":1,"description":"Dummy todo"}}
I, [2022-02-27T22:03:03.391656 #17060]  INFO -- : Running example 'Verifying a pact between Frontend and Backend Given add todo list successfully request to create to-do list with POST /api/v1/todolist returns a response which has status code 201'
I, [2022-02-27T22:03:03.392324 #17060]  INFO -- : Sending POST request to path: "/api/v1/todolist" with headers: {"X_PACT_PROVIDER_STATES"=>[{"name"=>"add todo list successfully"}]}, see debug logs for body
D, [2022-02-27T22:03:03.392324 #17060] DEBUG -- : body :{"todo":"buy some milk"}
I, [2022-02-27T22:03:03.406855 #17060]  INFO -- : Received response with status: 201, headers: {"Access-Control-Allow-Credentials"=>"true", "Access-Control-Allow-Headers"=>"Content-Type, Content-Length, Accept-Encoding, X-CSRF-Token, Authorization, accept, origin, Cache-Control, X-Requested-With", "Access-Control-Allow-Methods"=>"POST, OPTIONS, GET, PUT", "Access-Control-Allow-Origin"=>"*", "Content-Length"=>"38", "Content-Type"=>"application/json; charset=utf-8", "Date"=>"Sun, 27 Feb 2022 19:03:03 GMT"}, see debug logs for body
D, [2022-02-27T22:03:03.406978 #17060] DEBUG -- : body: {"id":2,"description":"buy some milk"}
I, [2022-02-27T22:15:10.924543 #12248]  INFO -- : Running example 'Verifying a pact between Frontend and Backend Given get todo list successfully a request for getting all todo list with GET /api/v1/todolist returns a response which has status code 200'
I, [2022-02-27T22:15:10.926552 #12248]  INFO -- : Sending GET request to path: "/api/v1/todolist" with headers: {"X_PACT_PROVIDER_STATES"=>[{"name"=>"get todo list successfully"}]}, see debug logs for body
D, [2022-02-27T22:15:10.926798 #12248] DEBUG -- : body :
I, [2022-02-27T22:15:10.956732 #12248]  INFO -- : Received response with status: 200, headers: {"Access-Control-Allow-Credentials"=>"true", "Access-Control-Allow-Headers"=>"Content-Type, Content-Length, Accept-Encoding, X-CSRF-Token, Authorization, accept, origin, Cache-Control, X-Requested-With", "Access-Control-Allow-Methods"=>"POST, OPTIONS, GET, PUT", "Access-Control-Allow-Origin"=>"*", "Content-Length"=>"50", "Content-Type"=>"application/json, charset=utf-8", "Date"=>"Sun, 27 Feb 2022 19:15:10 GMT"}, see debug logs for body
D, [2022-02-27T22:15:10.956732 #12248] DEBUG -- : body: {"Dummy todo":{"id":1,"description":"Dummy todo"}}
I, [2022-02-27T22:15:10.965266 #12248]  INFO -- : Running example 'Verifying a pact between Frontend and Backend Given add todo list successfully request to create to-do list with POST /api/v1/todolist returns a response which has status code 201'
I, [2022-02-27T22:15:10.965266 #12248]  INFO -- : Sending POST request to path: "/api/v1/todolist" with headers: {"X_PACT_PROVIDER_STATES"=>[{"name"=>"add todo list successfully"}]}, see debug logs for body
D, [2022-02-27T22:15:10.965717 #12248] DEBUG -- : body :{"todo":"buy some milk"}
I, [2022-02-27T22:15:10.992446 #12248]  INFO -- : Received response with status: 201, headers: {"Access-Control-Allow-Credentials"=>"true", "Access-Control-Allow-Headers"=>"Content-Type, Content-Length, Accept-Encoding, X-CSRF-Token, Authorization, accept, origin, Cache-Control, X-Requested-With", "Access-Control-Allow-Methods"=>"POST, OPTIONS, GET, PUT", "Access-Control-Allow-Origin"=>"*", "Content-Length"=>"38", "Content-Type"=>"application/json, charset=utf-8", "Date"=>"Sun, 27 Feb 2022 19:15:10 GMT"}, see debug logs for body
D, [2022-02-27T22:15:10.992446 #12248] DEBUG -- : body: {"id":2,"description":"buy some milk"}
I, [2022-02-27T22:16:36.176912 #9704]  INFO -- : Running example 'Verifying a pact between Frontend and Backend Given get todo list successfully a request for getting all todo list with GET /api/v1/todolist returns a response which has status code 200'
I, [2022-02-27T22:16:36.177917 #9704]  INFO -- : Sending GET request to path: "/api/v1/todolist" with headers: {"X_PACT_PROVIDER_STATES"=>[{"name"=>"get todo list successfully"}]}, see debug logs for body
D, [2022-02-27T22:16:36.178483 #9704] DEBUG -- : body :
I, [2022-02-27T22:16:36.224794 #9704]  INFO -- : Received response with status: 200, headers: {"Access-Control-Allow-Credentials"=>"true", "Access-Control-Allow-Headers"=>"Content-Type, Content-Length, Accept-Encoding, X-CSRF-Token, Authorization, accept, origin, Cache-Control, X-Requested-With", "Access-Control-Allow-Methods"=>"POST, OPTIONS, GET, PUT", "Access-Control-Allow-Origin"=>"*", "Content-Length"=>"50", "Content-Type"=>"application/json; charset=utf-8", "Date"=>"Sun, 27 Feb 2022 19:16:36 GMT"}, see debug logs for body
D, [2022-02-27T22:16:36.225675 #9704] DEBUG -- : body: {"Dummy todo":{"id":1,"description":"Dummy todo"}}
I, [2022-02-27T22:16:36.232867 #9704]  INFO -- : Running example 'Verifying a pact between Frontend and Backend Given add todo list successfully request to create to-do list with POST /api/v1/todolist returns a response which has status code 201'
I, [2022-02-27T22:16:36.233315 #9704]  INFO -- : Sending POST request to path: "/api/v1/todolist" with headers: {"X_PACT_PROVIDER_STATES"=>[{"name"=>"add todo list successfully"}]}, see debug logs for body
D, [2022-02-27T22:16:36.233315 #9704] DEBUG -- : body :{"todo":"buy some milk"}
I, [2022-02-27T22:16:36.255245 #9704]  INFO -- : Received response with status: 201, headers: {"Access-Control-Allow-Credentials"=>"true", "Access-Control-Allow-Headers"=>"Content-Type, Content-Length, Accept-Encoding, X-CSRF-Token, Authorization, accept, origin, Cache-Control, X-Requested-With", "Access-Control-Allow-Methods"=>"POST, OPTIONS, GET, PUT", "Access-Control-Allow-Origin"=>"*", "Content-Length"=>"38", "Content-Type"=>"application/json; charset=utf-8", "Date"=>"Sun, 27 Feb 2022 19:16:36 GMT"}, see debug logs for body
D, [2022-02-27T22:16:36.256166 #9704] DEBUG -- : body: {"id":2,"description":"buy some milk"}
I, [2022-02-27T22:34:57.769339 #10692]  INFO -- : Running example 'Verifying a pact between Frontend and Backend Given get todo list successfully a request for getting all todo list with GET /api/v1/todolist returns a response which has status code 200'
I, [2022-02-27T22:34:57.849603 #10692]  INFO -- : Sending GET request to path: "/api/v1/todolist" with headers: {"X_PACT_PROVIDER_STATES"=>[{"name"=>"get todo list successfully"}]}, see debug logs for body
D, [2022-02-27T22:34:57.849603 #10692] DEBUG -- : body :
I, [2022-02-27T22:34:57.887816 #10692]  INFO -- : Received response with status: 200, headers: {"Access-Control-Allow-Credentials"=>"true", "Access-Control-Allow-Headers"=>"Content-Type, Content-Length, Accept-Encoding, X-CSRF-Token, Authorization, accept, origin, Cache-Control, X-Requested-With", "Access-Control-Allow-Methods"=>"POST, OPTIONS, GET, PUT", "Access-Control-Allow-Origin"=>"*", "Content-Length"=>"50", "Content-Type"=>"application/json; charset=utf-8", "Date"=>"Sun, 27 Feb 2022 19:34:57 GMT"}, see debug logs for body
D, [2022-02-27T22:34:57.887816 #10692] DEBUG -- : body: {"Dummy todo":{"id":1,"description":"Dummy todo"}}
I, [2022-02-27T22:34:57.896335 #10692]  INFO -- : Running example 'Verifying a pact between Frontend and Backend Given add todo list successfully request to create to-do list with POST /api/v1/todolist returns a response which has status code 201'
I, [2022-02-27T22:34:57.900095 #10692]  INFO -- : Sending POST request to path: "/api/v1/todolist" with headers: {"X_PACT_PROVIDER_STATES"=>[{"name"=>"add todo list successfully"}]}, see debug logs for body
D, [2022-02-27T22:34:57.900095 #10692] DEBUG -- : body :{"todo":"buy some milk"}
I, [2022-02-27T22:34:57.919278 #10692]  INFO -- : Received response with status: 201, headers: {"Access-Control-Allow-Credentials"=>"true", "Access-Control-Allow-Headers"=>"Content-Type, Content-Length, Accept-Encoding, X-CSRF-Token, Authorization, accept, origin, Cache-Control, X-Requested-With", "Access-Control-Allow-Methods"=>"POST, OPTIONS, GET, PUT", "Access-Control-Allow-Origin"=>"*", "Content-Length"=>"38", "Content-Type"=>"application/json; charset=utf-8", "Date"=>"Sun, 27 Feb 2022 19:34:57 GMT"}, see debug logs for body
D, [2022-02-27T22:34:57.919278 #10692] DEBUG -- : body: {"id":2,"description":"buy some milk"}
I, [2022-02-27T22:55:35.297768 #6536]  INFO -- : Running example 'Verifying a pact between Frontend and Backend Given get todo list successfully a request for getting all todo list with GET /api/v1/todolist returns a response which has status code 200'
I, [2022-02-27T22:55:35.350527 #6536]  INFO -- : Sending GET request to path: "/api/v1/todolist" with headers: {"X_PACT_PROVIDER_STATES"=>[{"name"=>"get todo list successfully"}]}, see debug logs for body
D, [2022-02-27T22:55:35.350527 #6536] DEBUG -- : body :
I, [2022-02-27T22:55:35.391464 #6536]  INFO -- : Received response with status: 200, headers: {"Access-Control-Allow-Credentials"=>"true", "Access-Control-Allow-Headers"=>"Content-Type, Content-Length, Accept-Encoding, X-CSRF-Token, Authorization, accept, origin, Cache-Control, X-Requested-With", "Access-Control-Allow-Methods"=>"POST, OPTIONS, GET, PUT", "Access-Control-Allow-Origin"=>"*", "Content-Length"=>"50", "Content-Type"=>"application/json; charset=utf-8", "Date"=>"Sun, 27 Feb 2022 19:55:35 GMT"}, see debug logs for body
D, [2022-02-27T22:55:35.392429 #6536] DEBUG -- : body: {"Dummy todo":{"id":1,"description":"Dummy todo"}}
I, [2022-02-27T22:55:35.400796 #6536]  INFO -- : Running example 'Verifying a pact between Frontend and Backend Given add todo list successfully request to create to-do list with POST /api/v1/todolist returns a response which has status code 201'
I, [2022-02-27T22:55:35.405177 #6536]  INFO -- : Sending POST request to path: "/api/v1/todolist" with headers: {"X_PACT_PROVIDER_STATES"=>[{"name"=>"add todo list successfully"}]}, see debug logs for body
D, [2022-02-27T22:55:35.405177 #6536] DEBUG -- : body :{"todo":"buy some egg"}
I, [2022-02-27T22:55:35.422542 #6536]  INFO -- : Received response with status: 201, headers: {"Access-Control-Allow-Credentials"=>"true", "Access-Control-Allow-Headers"=>"Content-Type, Content-Length, Accept-Encoding, X-CSRF-Token, Authorization, accept, origin, Cache-Control, X-Requested-With", "Access-Control-Allow-Methods"=>"POST, OPTIONS, GET, PUT", "Access-Control-Allow-Origin"=>"*", "Content-Length"=>"37", "Content-Type"=>"application/json; charset=utf-8", "Date"=>"Sun, 27 Feb 2022 19:55:35 GMT"}, see debug logs for body
D, [2022-02-27T22:55:35.423490 #6536] DEBUG -- : body: {"id":2,"description":"buy some egg"}
I, [2022-02-28T00:23:02.420226 #13732]  INFO -- : Running example 'Verifying a pact between Frontend and Backend Given get todo list successfully a request for getting all todo list with GET /api/v1/todolist returns a response which has status code 200'
I, [2022-02-28T00:23:02.443239 #13732]  INFO -- : Sending GET request to path: "/api/v1/todolist" with headers: {"X_PACT_PROVIDER_STATES"=>[{"name"=>"get todo list successfully"}]}, see debug logs for body
D, [2022-02-28T00:23:02.443595 #13732] DEBUG -- : body :
I, [2022-02-28T00:23:02.472356 #13732]  INFO -- : Received response with status: 502, headers: {"Date"=>"Sun, 27 Feb 2022 21:23:02 GMT", "Content-Length"=>"0"}, see debug logs for body
D, [2022-02-28T00:23:02.472356 #13732] DEBUG -- : body: 
I, [2022-02-28T00:23:02.484216 #13732]  INFO -- : Running example 'Verifying a pact between Frontend and Backend Given add todo list successfully request to create to-do list with POST /api/v1/todolist returns a response which has status code 201'
I, [2022-02-28T00:23:02.484880 #13732]  INFO -- : Sending POST request to path: "/api/v1/todolist" with headers: {"X_PACT_PROVIDER_STATES"=>[{"name"=>"add todo list successfully"}]}, see debug logs for body
D, [2022-02-28T00:23:02.484880 #13732] DEBUG -- : body :{"todo":"buy some egg"}
I, [2022-02-28T00:23:02.507917 #13732]  INFO -- : Received response with status: 502, headers: {"Date"=>"Sun, 27 Feb 2022 21:23:02 GMT", "Content-Length"=>"0"}, see debug logs for body
D, [2022-02-28T00:23:02.508744 #13732] DEBUG -- : body: 
I, [2022-02-28T00:24:14.665008 #16644]  INFO -- : Running example 'Verifying a pact between Frontend and Backend Given get todo list successfully a request for getting all todo list with GET /api/v1/todolist returns a response which has status code 200'
I, [2022-02-28T00:24:14.666018 #16644]  INFO -- : Sending GET request to path: "/api/v1/todolist" with headers: {"X_PACT_PROVIDER_STATES"=>[{"name"=>"get todo list successfully"}]}, see debug logs for body
D, [2022-02-28T00:24:14.666535 #16644] DEBUG -- : body :
I, [2022-02-28T00:24:14.714598 #16644]  INFO -- : Received response with status: 200, headers: {"Access-Control-Allow-Credentials"=>"true", "Access-Control-Allow-Headers"=>"Content-Type, Content-Length, Accept-Encoding, X-CSRF-Token, Authorization, accept, origin, Cache-Control, X-Requested-With", "Access-Control-Allow-Methods"=>"POST, OPTIONS, GET, PUT", "Access-Control-Allow-Origin"=>"*", "Content-Length"=>"50", "Content-Type"=>"application/json; charset=utf-8", "Date"=>"Sun, 27 Feb 2022 21:24:14 GMT"}, see debug logs for body
D, [2022-02-28T00:24:14.714598 #16644] DEBUG -- : body: {"dummy todo":{"id":1,"description":"dummy todo"}}
I, [2022-02-28T00:24:14.721127 #16644]  INFO -- : Running example 'Verifying a pact between Frontend and Backend Given add todo list successfully request to create to-do list with POST /api/v1/todolist returns a response which has status code 201'
I, [2022-02-28T00:24:14.722155 #16644]  INFO -- : Sending POST request to path: "/api/v1/todolist" with headers: {"X_PACT_PROVIDER_STATES"=>[{"name"=>"add todo list successfully"}]}, see debug logs for body
D, [2022-02-28T00:24:14.722155 #16644] DEBUG -- : body :{"todo":"buy some egg"}
I, [2022-02-28T00:24:14.744942 #16644]  INFO -- : Received response with status: 502, headers: {"Date"=>"Sun, 27 Feb 2022 21:24:14 GMT", "Content-Length"=>"0"}, see debug logs for body
D, [2022-02-28T00:24:14.745686 #16644] DEBUG -- : body: 
I, [2022-02-28T00:29:45.134030 #7804]  INFO -- : Running example 'Verifying a pact between Frontend and Backend Given get todo list successfully a request for getting all todo list with GET /api/v1/todolist returns a response which has status code 200'
I, [2022-02-28T00:29:45.134030 #7804]  INFO -- : Sending GET request to path: "/api/v1/todolist" with headers: {"X_PACT_PROVIDER_STATES"=>[{"name"=>"get todo list successfully"}]}, see debug logs for body
D, [2022-02-28T00:29:45.134564 #7804] DEBUG -- : body :
I, [2022-02-28T00:29:45.159618 #7804]  INFO -- : Received response with status: 200, headers: {"Access-Control-Allow-Credentials"=>"true", "Access-Control-Allow-Headers"=>"Content-Type, Content-Length, Accept-Encoding, X-CSRF-Token, Authorization, accept, origin, Cache-Control, X-Requested-With", "Access-Control-Allow-Methods"=>"POST, OPTIONS, GET, PUT", "Access-Control-Allow-Origin"=>"*", "Content-Length"=>"56", "Content-Type"=>"application/json; charset=utf-8", "Date"=>"Sun, 27 Feb 2022 21:29:45 GMT"}, see debug logs for body
D, [2022-02-28T00:29:45.159618 #7804] DEBUG -- : body: {"buy some milk":{"id":1,"description":"buy some milk"}}
I, [2022-02-28T00:29:45.166239 #7804]  INFO -- : Running example 'Verifying a pact between Frontend and Backend Given add todo list successfully request to create to-do list with POST /api/v1/todolist returns a response which has status code 201'
I, [2022-02-28T00:29:45.166774 #7804]  INFO -- : Sending POST request to path: "/api/v1/todolist" with headers: {"X_PACT_PROVIDER_STATES"=>[{"name"=>"add todo list successfully"}]}, see debug logs for body
D, [2022-02-28T00:29:45.166862 #7804] DEBUG -- : body :{"todo":"buy some egg"}
I, [2022-02-28T00:29:45.197335 #7804]  INFO -- : Received response with status: 201, headers: {"Access-Control-Allow-Credentials"=>"true", "Access-Control-Allow-Headers"=>"Content-Type, Content-Length, Accept-Encoding, X-CSRF-Token, Authorization, accept, origin, Cache-Control, X-Requested-With", "Access-Control-Allow-Methods"=>"POST, OPTIONS, GET, PUT", "Access-Control-Allow-Origin"=>"*", "Content-Length"=>"37", "Content-Type"=>"application/json; charset=utf-8", "Date"=>"Sun, 27 Feb 2022 21:29:45 GMT"}, see debug logs for body
D, [2022-02-28T00:29:45.198274 #7804] DEBUG -- : body: {"id":2,"description":"buy some egg"}
I, [2022-02-28T00:32:13.595898 #8904]  INFO -- : Running example 'Verifying a pact between Frontend and Backend Given get todo list successfully a request for getting all todo list with GET /api/v1/todolist returns a response which has status code 200'
I, [2022-02-28T00:32:13.597202 #8904]  INFO -- : Sending GET request to path: "/api/v1/todolist" with headers: {"X_PACT_PROVIDER_STATES"=>[{"name"=>"get todo list successfully"}]}, see debug logs for body
D, [2022-02-28T00:32:13.597202 #8904] DEBUG -- : body :
I, [2022-02-28T00:32:13.650291 #8904]  INFO -- : Received response with status: 200, headers: {"Access-Control-Allow-Credentials"=>"true", "Access-Control-Allow-Headers"=>"Content-Type, Content-Length, Accept-Encoding, X-CSRF-Token, Authorization, accept, origin, Cache-Control, X-Requested-With", "Access-Control-Allow-Methods"=>"POST, OPTIONS, GET, PUT", "Access-Control-Allow-Origin"=>"*", "Content-Length"=>"56", "Content-Type"=>"application/json; charset=utf-8", "Date"=>"Sun, 27 Feb 2022 21:32:13 GMT"}, see debug logs for body
D, [2022-02-28T00:32:13.650291 #8904] DEBUG -- : body: {"buy some milk":{"id":1,"description":"buy some milk"}}
I, [2022-02-28T00:32:13.656834 #8904]  INFO -- : Running example 'Verifying a pact between Frontend and Backend Given add todo list successfully request to create to-do list with POST /api/v1/todolist returns a response which has status code 201'
I, [2022-02-28T00:32:13.657834 #8904]  INFO -- : Sending POST request to path: "/api/v1/todolist" with headers: {"X_PACT_PROVIDER_STATES"=>[{"name"=>"add todo list successfully"}]}, see debug logs for body
D, [2022-02-28T00:32:13.657834 #8904] DEBUG -- : body :{"todo":"buy some egg"}
I, [2022-02-28T00:32:13.677737 #8904]  INFO -- : Received response with status: 201, headers: {"Access-Control-Allow-Credentials"=>"true", "Access-Control-Allow-Headers"=>"Content-Type, Content-Length, Accept-Encoding, X-CSRF-Token, Authorization, accept, origin, Cache-Control, X-Requested-With", "Access-Control-Allow-Methods"=>"POST, OPTIONS, GET, PUT", "Access-Control-Allow-Origin"=>"*", "Content-Length"=>"37", "Content-Type"=>"application/json; charset=utf-8", "Date"=>"Sun, 27 Feb 2022 21:32:13 GMT"}, see debug logs for body
D, [2022-02-28T00:32:13.678765 #8904] DEBUG -- : body: {"id":2,"description":"buy some egg"}
I, [2022-02-28T00:34:22.833804 #10132]  INFO -- : Running example 'Verifying a pact between Frontend and Backend Given get todo list successfully a request for getting all todo list with GET /api/v1/todolist returns a response which has status code 200'
I, [2022-02-28T00:34:22.857838 #10132]  INFO -- : Sending GET request to path: "/api/v1/todolist" with headers: {"X_PACT_PROVIDER_STATES"=>[{"name"=>"get todo list successfully"}]}, see debug logs for body
D, [2022-02-28T00:34:22.858822 #10132] DEBUG -- : body :
I, [2022-02-28T00:34:22.905017 #10132]  INFO -- : Received response with status: 200, headers: {"Access-Control-Allow-Credentials"=>"true", "Access-Control-Allow-Headers"=>"Content-Type, Content-Length, Accept-Encoding, X-CSRF-Token, Authorization, accept, origin, Cache-Control, X-Requested-With", "Access-Control-Allow-Methods"=>"POST, OPTIONS, GET, PUT", "Access-Control-Allow-Origin"=>"*", "Content-Length"=>"56", "Content-Type"=>"application/json; charset=utf-8", "Date"=>"Sun, 27 Feb 2022 21:34:22 GMT"}, see debug logs for body
D, [2022-02-28T00:34:22.905864 #10132] DEBUG -- : body: {"buy some milk":{"id":1,"description":"buy some milk"}}
I, [2022-02-28T00:34:22.909419 #10132]  INFO -- : Running example 'Verifying a pact between Frontend and Backend Given add todo list successfully request to create to-do list with POST /api/v1/todolist returns a response which has status code 201'
I, [2022-02-28T00:34:22.909419 #10132]  INFO -- : Sending POST request to path: "/api/v1/todolist" with headers: {"X_PACT_PROVIDER_STATES"=>[{"name"=>"add todo list successfully"}]}, see debug logs for body
D, [2022-02-28T00:34:22.909419 #10132] DEBUG -- : body :{"todo":"buy some egg"}
I, [2022-02-28T00:34:22.936168 #10132]  INFO -- : Received response with status: 201, headers: {"Access-Control-Allow-Credentials"=>"true", "Access-Control-Allow-Headers"=>"Content-Type, Content-Length, Accept-Encoding, X-CSRF-Token, Authorization, accept, origin, Cache-Control, X-Requested-With", "Access-Control-Allow-Methods"=>"POST, OPTIONS, GET, PUT", "Access-Control-Allow-Origin"=>"*", "Content-Length"=>"37", "Content-Type"=>"application/json; charset=utf-8", "Date"=>"Sun, 27 Feb 2022 21:34:22 GMT"}, see debug logs for body
D, [2022-02-28T00:34:22.936168 #10132] DEBUG -- : body: {"id":2,"description":"buy some egg"}
